I, [2017-09-20T00:42:18.775730 #9518]  INFO -- : Received request GET /key/value/one/two
D, [2017-09-20T00:42:18.779393 #9518] DEBUG -- : {
  "path": "/key/value/one/two",
  "query": "",
  "method": "get",
  "headers": {
    "Accept": "application/json, text/plain, */*",
    "User-Agent": "axios/0.16.2",
    "Host": "localhost:2202",
    "Connection": "close",
    "Version": "HTTP/1.1"
  }
}
I, [2017-09-20T00:42:18.778934 #9518]  INFO -- : Registered expected interaction GET /key/value/one/two
D, [2017-09-20T00:42:18.780510 #9518] DEBUG -- : {
  "description": "a get request",
  "providerState": "Here is a thing",
  "request": {
    "method": "GET",
    "path": "/key/value/one/two"
  },
  "response": {
    "status": 200,
    "headers": {
      "Content-Type": "application/json"
    },
    "body": {
      "one": "two",
      "key": "value"
    }
  }
}
I, [2017-09-20T00:42:18.780081 #9518]  INFO -- : Found matching response for GET /key/value/one/two
D, [2017-09-20T00:42:18.782615 #9518] DEBUG -- : {
  "status": 200,
  "headers": {
    "Content-Type": "application/json"
  },
  "body": {
    "one": "two",
    "key": "value"
  }
}
I, [2017-09-20T00:42:18.795423 #9518]  INFO -- : Writing pact with details {:consumer=>{:name=>"MyApp"}, :provider=>{:name=>"MyService"}, :pactfile_write_mode=>"overwrite"}
I, [2017-09-20T00:42:18.797489 #9518]  INFO -- : Writing pact for MyService to /home/vagrant/dev/react_for_pact/pacts/myapp-myservice.json
I, [2017-09-20T00:42:18.797283 #9518]  INFO -- : Verifying - interactions matched for example ""
I, [2017-09-20T00:42:18.803445 #9518]  INFO -- : Cleared interactions before example ""
